<?xml version="1.0" encoding="UTF-8"?>
<!-- Generated by org.testng.reporters.JUnitReportReporter -->
<testsuite hostname="DESKTOP-GAHM23E" failures="0" tests="1" name="goPadelTest.GoPadelTest" time="268.572" errors="0" timestamp="2022-03-29T12:56:54 IST" skipped="0">
  <testcase classname="goPadelTest.GoPadelTest" name="loginTest" time="268.572"/>
  <system-out/>
</testsuite> <!-- goPadelTest.GoPadelTest -->
